<?xml version="1.0" encoding="UTF-8"?>
<testsuite name="com.example.pricecart.PriceRepositoryTest" tests="11" skipped="0" failures="0" errors="0" timestamp="2026-05-03T12:31:34" hostname="EAGLETIXX" time="0.017">
  <properties/>
  <testcase name="documentDataToStoreRecord_trimsTextAndTreatsBlankOptionalFieldsAsMissing" classname="com.example.pricecart.PriceRepositoryTest" time="0.009"/>
  <testcase name="documentDataToStoreRecord_readsMapCoordinatesAlias" classname="com.example.pricecart.PriceRepositoryTest" time="0.003"/>
  <testcase name="evaluateJoinResultForTest_treatsEmptyJoinedResultsAsIncompleteCatalog" classname="com.example.pricecart.PriceRepositoryTest" time="0.001"/>
  <testcase name="documentDataToStoreRecord_usesContactAliasWhenPhoneNumberIsMissing" classname="com.example.pricecart.PriceRepositoryTest" time="0.001"/>
  <testcase name="evaluateJoinResultForTest_allowsHealthyJoinedResults" classname="com.example.pricecart.PriceRepositoryTest" time="0.0"/>
  <testcase name="documentDataToStoreRecord_readsGeoPointCoordinatesAlias" classname="com.example.pricecart.PriceRepositoryTest" time="0.001"/>
  <testcase name="evaluateJoinResultForTest_treatsMissingStoreRecordsAsIncompleteCatalog" classname="com.example.pricecart.PriceRepositoryTest" time="0.001"/>
  <testcase name="documentDataToStoreRecord_prefersPhoneNumberOverContactAlias" classname="com.example.pricecart.PriceRepositoryTest" time="0.0"/>
  <testcase name="documentDataToStoreRecord_usesPhoneAliasWhenPhoneNumberAndContactAreMissing" classname="com.example.pricecart.PriceRepositoryTest" time="0.0"/>
  <testcase name="documentDataToStoreRecord_readsDocumentedStoreFields" classname="com.example.pricecart.PriceRepositoryTest" time="0.001"/>
  <testcase name="evaluateJoinResultForTest_treatsMalformedPriceRecordsAsIncompleteCatalog" classname="com.example.pricecart.PriceRepositoryTest" time="0.0"/>
  <system-out><![CDATA[]]></system-out>
  <system-err><![CDATA[]]></system-err>
</testsuite>
