<?xml version="1.0" encoding="UTF-8"?>
<testsuite name="com.example.pricecart.StoreRankingCalculatorTest" tests="4" skipped="0" failures="0" errors="0" timestamp="2026-05-03T12:31:34" hostname="EAGLETIXX" time="0.005">
  <properties/>
  <testcase name="rankStoreOffers_prefersCheaperAndCloserStore" classname="com.example.pricecart.StoreRankingCalculatorTest" time="0.003"/>
  <testcase name="rankStoreOffers_canPreferSlightlyPricierNearbyStore" classname="com.example.pricecart.StoreRankingCalculatorTest" time="0.0"/>
  <testcase name="calculateStoreScore_usesConfiguredPriceAndDistanceWeights" classname="com.example.pricecart.StoreRankingCalculatorTest" time="0.0"/>
  <testcase name="rankStoreOffers_withoutLocationSortsByPriceOnly" classname="com.example.pricecart.StoreRankingCalculatorTest" time="0.001"/>
  <system-out><![CDATA[]]></system-out>
  <system-err><![CDATA[]]></system-err>
</testsuite>
