<?xml version="1.0" encoding="UTF-8"?>
<testsuite name="com.example.pricecart.RecentSearchRepositoryTest" tests="2" skipped="0" failures="0" errors="0" timestamp="2026-05-03T12:31:30" hostname="EAGLETIXX" time="0.03">
  <properties/>
  <testcase name="recordSearch_dedupesAndSortsNewestFirst" classname="com.example.pricecart.RecentSearchRepositoryTest" time="0.017"/>
  <testcase name="recordSearch_limitsStoredItemsToConfiguredMaximum" classname="com.example.pricecart.RecentSearchRepositoryTest" time="0.013"/>
  <system-out><![CDATA[]]></system-out>
  <system-err><![CDATA[]]></system-err>
</testsuite>
