<?xml version="1.0" encoding="UTF-8"?>
<testsuite name="com.example.pricecart.ProductSearchManagerTest" tests="2" skipped="0" failures="0" errors="0" timestamp="2026-05-03T12:31:30" hostname="EAGLETIXX" time="0.006">
  <properties/>
  <testcase name="searchProductsByName_normalizesQueryBeforeFetching" classname="com.example.pricecart.ProductSearchManagerTest" time="0.005"/>
  <testcase name="searchProductsByName_doesNotFetchWhenQueryIsBlank" classname="com.example.pricecart.ProductSearchManagerTest" time="0.001"/>
  <system-out><![CDATA[]]></system-out>
  <system-err><![CDATA[]]></system-err>
</testsuite>
