<?xml version="1.0" encoding="UTF-8"?>
<testsuite name="com.example.pricecart.RecentlyViewedRepositoryTest" tests="2" skipped="0" failures="0" errors="0" timestamp="2026-05-03T12:31:30" hostname="EAGLETIXX" time="0.02">
  <properties/>
  <testcase name="recordViewedOffer_limitsStoredItemsToConfiguredMaximum" classname="com.example.pricecart.RecentlyViewedRepositoryTest" time="0.017"/>
  <testcase name="recordViewedOffer_dedupesAndKeepsMostRecentDetails" classname="com.example.pricecart.RecentlyViewedRepositoryTest" time="0.003"/>
  <system-out><![CDATA[]]></system-out>
  <system-err><![CDATA[]]></system-err>
</testsuite>
