<?xml version="1.0" encoding="UTF-8"?>
<testsuite name="com.example.pricecart.FavouritesRepositoryTest" tests="2" skipped="0" failures="0" errors="0" timestamp="2026-05-03T12:31:30" hostname="EAGLETIXX" time="0.016">
  <properties/>
  <testcase name="removeFavouriteItem_updatesSavedState" classname="com.example.pricecart.FavouritesRepositoryTest" time="0.01"/>
  <testcase name="saveFavouriteItem_persistsAcrossRepositoryInstances" classname="com.example.pricecart.FavouritesRepositoryTest" time="0.006"/>
  <system-out><![CDATA[]]></system-out>
  <system-err><![CDATA[]]></system-err>
</testsuite>
